npm verb cli /usr/local/bin/node /usr/local/bin/npm
npm info using npm@10.5.1
npm info using node@v22.0.0
npm verb title npm install
npm verb argv "install" "--legacy-peer-deps" "--loglevel" "verbose"
npm verb logfile logs-max:10 dir:/Users/brunocavalcanti/.npm/_logs/2024-08-14T03_18_05_977Z-
npm verb logfile /Users/brunocavalcanti/.npm/_logs/2024-08-14T03_18_05_977Z-debug-0.log
npm http fetch GET 200 https://registry.npmjs.org/@faker-js%2ffaker 1763ms (cache revalidated)
npm http fetch GET 200 https://registry.npmjs.org/cypress-mochawesome-reporter 825ms (cache revalidated)
npm http fetch GET 200 https://registry.npmjs.org/browserstack-cypress-cli 719ms (cache revalidated)
npm http fetch GET 200 https://registry.npmjs.org/cypress 124ms (cache revalidated)
npm http fetch GET 200 https://registry.npmjs.org/fs-extra 54ms (cache revalidated)
npm http fetch GET 200 https://registry.npmjs.org/glob 57ms (cache revalidated)
npm http fetch GET 200 https://registry.npmjs.org/chalk 190ms (cache revalidated)
npm http fetch GET 200 https://registry.npmjs.org/cli-progress 197ms (cache revalidated)
npm http fetch GET 200 https://registry.npmjs.org/async 203ms (cache revalidated)
npm http fetch GET 200 https://registry.npmjs.org/archiver 208ms (cache revalidated)
npm http fetch GET 200 https://registry.npmjs.org/gitconfiglocal 207ms (cache revalidated)
npm http fetch GET 200 https://registry.npmjs.org/mocha 97ms (cache revalidated)
npm http fetch GET 200 https://registry.npmjs.org/mkdirp 65ms (cache revalidated)
npm http fetch GET 200 https://registry.npmjs.org/request 52ms (cache revalidated)
npm http fetch GET 200 https://registry.npmjs.org/browserstack-local 268ms (cache revalidated)
npm http fetch GET 200 https://registry.npmjs.org/table 104ms (cache revalidated)
npm http fetch GET 200 https://registry.npmjs.org/uuid 57ms (cache revalidated)
npm http fetch GET 200 https://registry.npmjs.org/requestretry 115ms (cache revalidated)
npm http fetch GET 200 https://registry.npmjs.org/windows-release 97ms (cache revalidated)
npm http fetch GET 200 https://registry.npmjs.org/update-notifier 129ms (cache revalidated)
npm http fetch GET 200 https://registry.npmjs.org/winston 132ms (cache revalidated)
npm http fetch GET 200 https://registry.npmjs.org/dayjs 54ms (cache revalidated)
npm http fetch GET 200 https://registry.npmjs.org/yargs 105ms (cache revalidated)
npm http fetch GET 200 https://registry.npmjs.org/decompress 109ms (cache revalidated)
npm http fetch GET 200 https://registry.npmjs.org/tmp 109ms (cache revalidated)
npm http fetch GET 200 https://registry.npmjs.org/debug 44ms (cache revalidated)
npm http fetch GET 200 https://registry.npmjs.org/arch 127ms (cache revalidated)
npm http fetch GET 200 https://registry.npmjs.org/buffer 43ms (cache revalidated)
npm http fetch GET 200 https://registry.npmjs.org/execa 101ms (cache revalidated)
npm http fetch GET 200 https://registry.npmjs.org/is-ci 100ms (cache revalidated)
npm http fetch GET 200 https://registry.npmjs.org/yauzl 101ms (cache revalidated)
npm http fetch GET 200 https://registry.npmjs.org/lodash 47ms (cache revalidated)
npm http fetch GET 200 https://registry.npmjs.org/semver 60ms (cache revalidated)
npm http fetch GET 200 https://registry.npmjs.org/listr2 115ms (cache revalidated)
npm http fetch GET 200 https://registry.npmjs.org/process 69ms (cache revalidated)
npm http fetch GET 200 https://registry.npmjs.org/figures 114ms (cache revalidated)
npm http fetch GET 200 https://registry.npmjs.org/getos 250ms (cache revalidated)
npm http fetch GET 200 https://registry.npmjs.org/ospath 177ms (cache revalidated)
npm http fetch GET 200 https://registry.npmjs.org/bluebird 111ms (cache revalidated)
npm http fetch GET 200 https://registry.npmjs.org/cachedir 102ms (cache revalidated)
npm http fetch GET 200 https://registry.npmjs.org/minimist 51ms (cache revalidated)
npm http fetch GET 200 https://registry.npmjs.org/enquirer 131ms (cache revalidated)
npm http fetch GET 200 https://registry.npmjs.org/commander 47ms (cache revalidated)
npm http fetch GET 200 https://registry.npmjs.org/lazy-ass 140ms (cache revalidated)
npm http fetch GET 200 https://registry.npmjs.org/git-repo-info 797ms (cache revalidated)
npm http fetch GET 200 https://registry.npmjs.org/getmac 806ms (cache revalidated)
npm http fetch GET 200 https://registry.npmjs.org/untildify 110ms (cache revalidated)
npm http fetch GET 200 https://registry.npmjs.org/git-last-commit 839ms (cache revalidated)
npm http fetch GET 200 https://registry.npmjs.org/cli-table3 108ms (cache revalidated)
npm http fetch GET 200 https://registry.npmjs.org/cli-cursor 134ms (cache revalidated)
npm http fetch GET 200 https://registry.npmjs.org/executable 132ms (cache revalidated)
npm http fetch GET 200 https://registry.npmjs.org/common-tags 97ms (cache revalidated)
npm http fetch GET 200 https://registry.npmjs.org/extract-zip 97ms (cache revalidated)
npm http fetch GET 200 https://registry.npmjs.org/log-symbols 101ms (cache revalidated)
npm http fetch GET 200 https://registry.npmjs.org/pretty-bytes 109ms (cache revalidated)
npm http fetch GET 200 https://registry.npmjs.org/proxy-from-env 48ms (cache revalidated)
npm http fetch GET 200 https://registry.npmjs.org/supports-color 91ms (cache revalidated)
npm http fetch GET 200 https://registry.npmjs.org/node-ipc 789ms (cache revalidated)
npm http fetch GET 200 https://registry.npmjs.org/@types%2fsizzle 164ms (cache revalidated)
npm http fetch GET 200 https://registry.npmjs.org/request-progress 96ms (cache revalidated)
npm http fetch GET 200 https://registry.npmjs.org/is-installed-globally 134ms (cache revalidated)
npm http fetch GET 200 https://registry.npmjs.org/mochawesome 112ms (cache revalidated)
npm http fetch GET 200 https://registry.npmjs.org/@cypress%2frequest 207ms (cache revalidated)
npm http fetch GET 200 https://registry.npmjs.org/mochawesome-merge 102ms (cache revalidated)
npm http fetch GET 200 https://registry.npmjs.org/@cypress%2fxvfb 339ms (cache revalidated)
npm http fetch GET 200 https://registry.npmjs.org/@types%2fsinonjs__fake-timers 250ms (cache revalidated)
npm http fetch GET 200 https://registry.npmjs.org/blob-util 704ms (cache revalidated)
npm http fetch GET 200 https://registry.npmjs.org/eventemitter2 710ms (cache revalidated)
npm http fetch GET 200 https://registry.npmjs.org/check-more-types 685ms (cache revalidated)
npm http fetch GET 200 https://registry.npmjs.org/mochawesome-report-generator 700ms (cache revalidated)
npm http fetch GET 200 https://registry.npmjs.org/tar-stream 53ms (cache revalidated)
npm http fetch GET 200 https://registry.npmjs.org/https-proxy-agent 64ms (cache revalidated)
npm http fetch GET 200 https://registry.npmjs.org/archiver-utils 100ms (cache revalidated)
npm http fetch GET 200 https://registry.npmjs.org/agent-base 46ms (cache revalidated)
npm http fetch GET 200 https://registry.npmjs.org/is-running 108ms (cache revalidated)
npm http fetch GET 200 https://registry.npmjs.org/buffer-crc32 109ms (cache revalidated)
npm http fetch GET 200 https://registry.npmjs.org/temp-fs 110ms (cache revalidated)
npm http fetch GET 200 https://registry.npmjs.org/zip-stream 115ms (cache revalidated)
npm http fetch GET 200 https://registry.npmjs.org/readdir-glob 126ms (cache revalidated)
npm http fetch GET 200 https://registry.npmjs.org/readable-stream 132ms (cache revalidated)
npm http fetch GET 200 https://registry.npmjs.org/ansi-styles 97ms (cache revalidated)
npm http fetch GET 200 https://registry.npmjs.org/graceful-fs 52ms (cache revalidated)
npm http fetch GET 200 https://registry.npmjs.org/pify 52ms (cache revalidated)
npm http fetch GET 200 https://registry.npmjs.org/decompress-tar 98ms (cache revalidated)
npm http fetch GET 200 https://registry.npmjs.org/decompress-tarbz2 93ms (cache revalidated)
npm http fetch GET 200 https://registry.npmjs.org/string-width 102ms (cache revalidated)
npm http fetch GET 200 https://registry.npmjs.org/decompress-targz 110ms (cache revalidated)
npm http fetch GET 200 https://registry.npmjs.org/make-dir 94ms (cache revalidated)
npm http fetch GET 200 https://registry.npmjs.org/jsonfile 55ms (cache revalidated)
npm http fetch GET 200 https://registry.npmjs.org/decompress-unzip 120ms (cache revalidated)
npm http fetch GET 200 https://registry.npmjs.org/universalify 47ms (cache revalidated)
npm http fetch GET 200 https://registry.npmjs.org/once 52ms (cache revalidated)
npm http fetch GET 200 https://registry.npmjs.org/strip-dirs 97ms (cache revalidated)
npm http fetch GET 200 https://registry.npmjs.org/@types%2fnode 75ms (cache revalidated)
npm http fetch GET 200 https://registry.npmjs.org/path-is-absolute 80ms (cache revalidated)
npm http fetch GET 200 https://registry.npmjs.org/inherits 93ms (cache revalidated)
npm http fetch GET 200 https://registry.npmjs.org/minimatch 91ms (cache revalidated)
npm http fetch GET 200 https://registry.npmjs.org/inflight 97ms (cache revalidated)
npm http fetch GET 200 https://registry.npmjs.org/ini 114ms (cache revalidated)
npm http fetch GET 200 https://registry.npmjs.org/ansi-colors 65ms (cache revalidated)
npm http fetch GET 200 https://registry.npmjs.org/fs.realpath 126ms (cache revalidated)
npm http fetch GET 200 https://registry.npmjs.org/js-yaml 43ms (cache revalidated)
npm http fetch GET 200 https://registry.npmjs.org/ms 40ms (cache revalidated)
npm http fetch GET 200 https://registry.npmjs.org/browser-stdout 112ms (cache revalidated)
npm http fetch GET 200 https://registry.npmjs.org/find-up 88ms (cache revalidated)
npm http fetch GET 200 https://registry.npmjs.org/chokidar 98ms (cache revalidated)
npm http fetch GET 200 https://registry.npmjs.org/escape-string-regexp 99ms (cache revalidated)
npm http fetch GET 200 https://registry.npmjs.org/diff 112ms (cache revalidated)
npm http fetch GET 200 https://registry.npmjs.org/strip-json-comments 94ms (cache revalidated)
npm http fetch GET 200 https://registry.npmjs.org/he 142ms (cache revalidated)
npm http fetch GET 200 https://registry.npmjs.org/yargs-parser 100ms (cache revalidated)
npm http fetch GET 200 https://registry.npmjs.org/workerpool 136ms (cache revalidated)
npm http fetch GET 200 https://registry.npmjs.org/aws4 42ms (cache revalidated)
npm http fetch GET 200 https://registry.npmjs.org/qs 56ms (cache revalidated)
npm http fetch GET 200 https://registry.npmjs.org/js-message 102ms (cache revalidated)
npm http fetch GET 200 https://registry.npmjs.org/extend 58ms (cache revalidated)
npm http fetch GET 200 https://registry.npmjs.org/isstream 42ms (cache revalidated)
npm http fetch GET 200 https://registry.npmjs.org/caseless 48ms (cache revalidated)
npm http fetch GET 200 https://registry.npmjs.org/form-data 49ms (cache revalidated)
npm http fetch GET 200 https://registry.npmjs.org/aws-sign2 61ms (cache revalidated)
npm http fetch GET 200 https://registry.npmjs.org/mime-types 50ms (cache revalidated)
npm http fetch GET 200 https://registry.npmjs.org/safe-buffer 41ms (cache revalidated)
npm http fetch GET 200 https://registry.npmjs.org/tough-cookie 44ms (cache revalidated)
npm http fetch GET 200 https://registry.npmjs.org/tunnel-agent 47ms (cache revalidated)
npm http fetch GET 200 https://registry.npmjs.org/is-typedarray 42ms (cache revalidated)
npm http fetch GET 200 https://registry.npmjs.org/forever-agent 70ms (cache revalidated)
npm http fetch GET 200 https://registry.npmjs.org/oauth-sign 113ms (cache revalidated)
npm http fetch GET 200 https://registry.npmjs.org/ps-tree 666ms (cache revalidated)
npm http fetch GET 200 https://registry.npmjs.org/http-signature 51ms (cache revalidated)
npm http fetch GET 200 https://registry.npmjs.org/har-validator 97ms (cache revalidated)
npm http fetch GET 200 https://registry.npmjs.org/combined-stream 54ms (cache revalidated)
npm http fetch GET 200 https://registry.npmjs.org/performance-now 59ms (cache revalidated)
npm http fetch GET 200 https://registry.npmjs.org/ajv 51ms (cache revalidated)
npm http fetch GET 200 https://registry.npmjs.org/json-stringify-safe 70ms (cache revalidated)
npm http fetch GET 200 https://registry.npmjs.org/slice-ansi 94ms (cache revalidated)
npm http fetch GET 200 https://registry.npmjs.org/pupa 100ms (cache revalidated)
npm http fetch GET 200 https://registry.npmjs.org/boxen 101ms (cache revalidated)
npm http fetch GET 200 https://registry.npmjs.org/is-npm 99ms (cache revalidated)
npm http fetch GET 200 https://registry.npmjs.org/configstore 101ms (cache revalidated)
npm http fetch GET 200 https://registry.npmjs.org/semver-diff 109ms (cache revalidated)
npm http fetch GET 200 https://registry.npmjs.org/xdg-basedir 95ms (cache revalidated)
npm http fetch GET 200 https://registry.npmjs.org/import-lazy 150ms (cache revalidated)
npm http fetch GET 200 https://registry.npmjs.org/eyes 96ms (cache revalidated)
npm http fetch GET 200 https://registry.npmjs.org/latest-version 116ms (cache revalidated)
npm http fetch GET 200 https://registry.npmjs.org/cycle 110ms (cache revalidated)
npm http fetch GET 200 https://registry.npmjs.org/serialize-javascript 658ms (cache revalidated)
npm http fetch GET 200 https://registry.npmjs.org/stack-trace 103ms (cache revalidated)
npm http fetch GET 200 https://registry.npmjs.org/colors 120ms (cache revalidated)
npm http fetch GET 200 https://registry.npmjs.org/cliui 100ms (cache revalidated)
npm http fetch GET 200 https://registry.npmjs.org/y18n 127ms (cache revalidated)
npm http fetch GET 200 https://registry.npmjs.org/event-pubsub 657ms (cache revalidated)
npm http fetch GET 200 https://registry.npmjs.org/yargs-unparser 693ms (cache revalidated)
npm http fetch GET 200 https://registry.npmjs.org/js-queue 704ms (cache revalidated)
npm http fetch GET 200 https://registry.npmjs.org/decamelize 121ms (cache revalidated)
npm http fetch GET 200 https://registry.npmjs.org/which-module 116ms (cache revalidated)
npm http fetch GET 200 https://registry.npmjs.org/require-directory 129ms (cache revalidated)
npm http fetch GET 200 https://registry.npmjs.org/get-caller-file 137ms (cache revalidated)
npm http fetch GET 200 https://registry.npmjs.org/set-blocking 158ms (cache revalidated)
npm http fetch GET 200 https://registry.npmjs.org/is-in-ci 989ms (cache revalidated)
npm http fetch GET 200 https://registry.npmjs.org/require-main-filename 673ms (cache revalidated)
npm http fetch GET 200 https://registry.npmjs.org/string_decoder 65ms (cache revalidated)
npm http fetch GET 200 https://registry.npmjs.org/util-deprecate 71ms (cache revalidated)
npm http fetch GET 200 https://registry.npmjs.org/lodash.isplainobject 75ms (cache revalidated)
npm http fetch GET 200 https://registry.npmjs.org/lodash.difference 117ms (cache revalidated)
npm http fetch GET 200 https://registry.npmjs.org/lazystream 122ms (cache revalidated)
npm http fetch GET 200 https://registry.npmjs.org/end-of-stream 58ms (cache revalidated)
npm http fetch GET 200 https://registry.npmjs.org/lodash.defaults 130ms (cache revalidated)
npm http fetch GET 200 https://registry.npmjs.org/normalize-path 145ms (cache revalidated)
npm http fetch GET 200 https://registry.npmjs.org/lodash.flatten 147ms (cache revalidated)
npm http fetch GET 200 https://registry.npmjs.org/bl 143ms (cache revalidated)
npm http fetch GET 200 https://registry.npmjs.org/lodash.union 177ms (cache revalidated)
npm http fetch GET 200 https://registry.npmjs.org/fs-constants 124ms (cache revalidated)
npm http fetch GET 200 https://registry.npmjs.org/compress-commons 129ms (cache revalidated)
npm http fetch GET 200 https://registry.npmjs.org/core-util-is 55ms (cache revalidated)
npm http fetch GET 200 https://registry.npmjs.org/process-nextick-args 60ms (cache revalidated)
npm http fetch GET 200 https://registry.npmjs.org/isarray 62ms (cache revalidated)
npm http fetch GET 200 https://registry.npmjs.org/rimraf 68ms (cache revalidated)
npm http fetch GET 200 https://registry.npmjs.org/event-stream 131ms (cache revalidated)
npm http fetch GET 200 https://registry.npmjs.org/has-flag 100ms (cache revalidated)
npm http fetch GET 200 https://registry.npmjs.org/color-convert 133ms (cache revalidated)
npm http fetch GET 200 https://registry.npmjs.org/color-name 102ms (cache revalidated)
npm http fetch GET 200 https://registry.npmjs.org/emoji-regex 101ms (cache revalidated)
npm http fetch GET 200 https://registry.npmjs.org/strip-ansi 112ms (cache revalidated)
npm http fetch GET 200 https://registry.npmjs.org/is-fullwidth-code-point 133ms (cache revalidated)
npm http fetch GET 200 https://registry.npmjs.org/base64-js 50ms (cache revalidated)
npm http fetch GET 200 https://registry.npmjs.org/lodash.once 59ms (cache revalidated)
npm http fetch GET 200 https://registry.npmjs.org/signal-exit 57ms (cache revalidated)
npm http fetch GET 200 https://registry.npmjs.org/ieee754 65ms (cache revalidated)
npm http fetch GET 200 https://registry.npmjs.org/is-stream 108ms (cache revalidated)
npm http fetch GET 200 https://registry.npmjs.org/get-stream 112ms (cache revalidated)
npm http fetch GET 200 https://registry.npmjs.org/cross-spawn 119ms (cache revalidated)
npm http fetch GET 200 https://registry.npmjs.org/onetime 122ms (cache revalidated)
npm http fetch GET 200 https://registry.npmjs.org/merge-stream 97ms (cache revalidated)
npm http fetch GET 200 https://registry.npmjs.org/human-signals 99ms (cache revalidated)
npm http fetch GET 200 https://registry.npmjs.org/get-stream 69ms (cache revalidated)
npm http fetch GET 200 https://registry.npmjs.org/@types%2fyauzl 79ms (cache revalidated)
npm http fetch GET 200 https://registry.npmjs.org/at-least-node 102ms (cache revalidated)
npm http fetch GET 200 https://registry.npmjs.org/@colors%2fcolors 230ms (cache revalidated)
npm http fetch GET 200 https://registry.npmjs.org/strip-final-newline 167ms (cache revalidated)
npm http fetch GET 200 https://registry.npmjs.org/ci-info 111ms (cache revalidated)
npm http fetch GET 200 https://registry.npmjs.org/global-dirs 102ms (cache revalidated)
npm http fetch GET 200 https://registry.npmjs.org/is-path-inside 106ms (cache revalidated)
npm http fetch GET 200 https://registry.npmjs.org/rxjs 74ms (cache revalidated)
npm http fetch GET 200 https://registry.npmjs.org/through 52ms (cache revalidated)
npm http fetch GET 200 https://registry.npmjs.org/rfdc 103ms (cache revalidated)
npm http fetch GET 200 https://registry.npmjs.org/colorette 58ms (cache revalidated)
npm http fetch GET 200 https://registry.npmjs.org/p-map 102ms (cache revalidated)
npm http fetch GET 200 https://registry.npmjs.org/wrap-ansi 94ms (cache revalidated)
npm http fetch GET 200 https://registry.npmjs.org/log-update 106ms (cache revalidated)
npm http fetch GET 200 https://registry.npmjs.org/is-unicode-supported 99ms (cache revalidated)
npm http fetch GET 200 https://registry.npmjs.org/fd-slicer 98ms (cache revalidated)
npm http fetch GET 200 https://registry.npmjs.org/cli-truncate 129ms (cache revalidated)
npm http fetch GET 200 https://registry.npmjs.org/throttleit 117ms (cache revalidated)
npm http fetch GET 200 https://registry.npmjs.org/npm-run-path 669ms (cache revalidated)
npm http fetch GET 200 https://registry.npmjs.org/restore-cursor 730ms (cache revalidated)
npm http fetch GET 200 https://registry.npmjs.org/asynckit 57ms (cache revalidated)
npm http fetch GET 200 https://registry.npmjs.org/psl 57ms (cache revalidated)
npm http fetch GET 200 https://registry.npmjs.org/delayed-stream 66ms (cache revalidated)
npm http fetch GET 200 https://registry.npmjs.org/punycode 65ms (cache revalidated)
npm http fetch GET 200 https://registry.npmjs.org/mime-db 67ms (cache revalidated)
npm http fetch GET 200 https://registry.npmjs.org/jsprim 69ms (cache revalidated)
npm http fetch GET 200 https://registry.npmjs.org/side-channel 70ms (cache revalidated)
npm http fetch GET 200 https://registry.npmjs.org/assert-plus 72ms (cache revalidated)
npm http fetch GET 200 https://registry.npmjs.org/url-parse 70ms (cache revalidated)
npm http fetch GET 200 https://registry.npmjs.org/sshpk 112ms (cache revalidated)
npm http fetch GET 200 https://registry.npmjs.org/escape-html 47ms (cache revalidated)
npm http fetch GET 200 https://registry.npmjs.org/lodash.isstring 60ms (cache revalidated)
npm http fetch GET 200 https://registry.npmjs.org/lodash.isfunction 104ms (cache revalidated)
npm http fetch GET 200 https://registry.npmjs.org/prop-types 106ms (cache revalidated)
npm http fetch GET 200 https://registry.npmjs.org/lodash.isobject 114ms (cache revalidated)
npm http fetch GET 200 https://registry.npmjs.org/lodash.isempty 123ms (cache revalidated)
npm http fetch GET 200 https://registry.npmjs.org/fsu 127ms (cache revalidated)
npm http fetch GET 200 https://registry.npmjs.org/dateformat 144ms (cache revalidated)
npm http fetch GET 200 https://registry.npmjs.org/tcomb-validation 90ms (cache revalidated)
npm http fetch GET 200 https://registry.npmjs.org/tcomb 105ms (cache revalidated)
npm http fetch GET 200 https://registry.npmjs.org/validator 52ms (cache revalidated)
npm http fetch GET 200 https://registry.npmjs.org/opener 160ms (cache revalidated)
npm http fetch GET 200 https://registry.npmjs.org/file-type 110ms (cache revalidated)
npm http fetch GET 200 https://registry.npmjs.org/file-type 126ms (cache revalidated)
npm http fetch GET 200 https://registry.npmjs.org/seek-bzip 131ms (cache revalidated)
npm http fetch GET 200 https://registry.npmjs.org/file-type 131ms (cache revalidated)
npm http fetch GET 200 https://registry.npmjs.org/is-natural-number 135ms (cache revalidated)
npm http fetch GET 200 https://registry.npmjs.org/unbzip2-stream 138ms (cache revalidated)
npm http fetch GET 200 https://registry.npmjs.org/xtend 68ms (cache revalidated)
npm http fetch GET 200 https://registry.npmjs.org/to-buffer 99ms (cache revalidated)
npm http fetch GET 200 https://registry.npmjs.org/buffer-alloc 135ms (cache revalidated)
npm http fetch GET 200 https://registry.npmjs.org/object-assign 61ms (cache revalidated)
npm http fetch GET 200 https://registry.npmjs.org/pinkie-promise 106ms (cache revalidated)
npm http fetch GET 200 https://registry.npmjs.org/ansi-regex 107ms (cache revalidated)
npm http fetch GET 200 https://registry.npmjs.org/pump 70ms (cache revalidated)
npm http fetch GET 200 https://registry.npmjs.org/which 106ms (cache revalidated)
npm http fetch GET 200 https://registry.npmjs.org/shebang-command 111ms (cache revalidated)
npm http fetch GET 200 https://registry.npmjs.org/path-key 114ms (cache revalidated)
npm http fetch GET 200 https://registry.npmjs.org/path-key 115ms (cache revalidated)
npm http fetch GET 200 https://registry.npmjs.org/mimic-fn 117ms (cache revalidated)
npm http fetch GET 200 https://registry.npmjs.org/shebang-regex 103ms (cache revalidated)
npm http fetch GET 200 https://registry.npmjs.org/isexe 109ms (cache revalidated)
npm http fetch GET 200 https://registry.npmjs.org/undici-types 66ms (cache revalidated)
npm http fetch GET 200 https://registry.npmjs.org/pinkie 116ms (cache revalidated)
npm http fetch GET 200 https://registry.npmjs.org/wrappy 51ms (cache revalidated)
npm http fetch GET 200 https://registry.npmjs.org/brace-expansion 52ms (cache revalidated)
npm http fetch GET 200 https://registry.npmjs.org/safer-buffer 55ms (cache revalidated)
npm http fetch GET 200 https://registry.npmjs.org/dashdash 58ms (cache revalidated)
npm http fetch GET 200 https://registry.npmjs.org/ecc-jsbn 61ms (cache revalidated)
npm http fetch GET 200 https://registry.npmjs.org/jsbn 62ms (cache revalidated)
npm http fetch GET 200 https://registry.npmjs.org/getpass 63ms (cache revalidated)
npm http fetch GET 200 https://registry.npmjs.org/asn1 64ms (cache revalidated)
npm http fetch GET 200 https://registry.npmjs.org/json-schema 67ms (cache revalidated)
npm http fetch GET 200 https://registry.npmjs.org/verror 68ms (cache revalidated)
npm http fetch GET 200 https://registry.npmjs.org/extsprintf 69ms (cache revalidated)
npm http fetch GET 200 https://registry.npmjs.org/tweetnacl 70ms (cache revalidated)
npm http fetch GET 200 https://registry.npmjs.org/bcrypt-pbkdf 57ms (cache revalidated)
npm http fetch GET 200 https://registry.npmjs.org/tslib 53ms (cache revalidated)
npm http fetch GET 200 https://registry.npmjs.org/aggregate-error 103ms (cache revalidated)
npm http fetch GET 200 https://registry.npmjs.org/ansi-escapes 128ms (cache revalidated)
npm http fetch GET 200 https://registry.npmjs.org/astral-regex 135ms (cache revalidated)
npm http fetch GET 200 https://registry.npmjs.org/type-fest 99ms (cache revalidated)
npm http fetch GET 200 https://registry.npmjs.org/balanced-match 57ms (cache revalidated)
npm http fetch GET 200 https://registry.npmjs.org/concat-map 58ms (cache revalidated)
npm http fetch GET 200 https://registry.npmjs.org/argparse 63ms (cache revalidated)
npm http fetch GET 200 https://registry.npmjs.org/is-glob 71ms (cache revalidated)
npm http fetch GET 200 https://registry.npmjs.org/fsevents 107ms (cache revalidated)
npm http fetch GET 200 https://registry.npmjs.org/glob-parent 114ms (cache revalidated)
npm http fetch GET 200 https://registry.npmjs.org/braces 116ms (cache revalidated)
npm http fetch GET 200 https://registry.npmjs.org/anymatch 121ms (cache revalidated)
npm http fetch GET 200 https://registry.npmjs.org/readdirp 121ms (cache revalidated)
npm http fetch GET 200 https://registry.npmjs.org/is-binary-path 123ms (cache revalidated)
npm http fetch GET 200 https://registry.npmjs.org/locate-path 136ms (cache revalidated)
npm http fetch GET 200 https://registry.npmjs.org/path-exists 162ms (cache revalidated)
npm http fetch GET 200 https://registry.npmjs.org/escalade 101ms (cache revalidated)
npm http fetch GET 200 https://registry.npmjs.org/randombytes 134ms (cache revalidated)
npm http fetch GET 200 https://registry.npmjs.org/camelcase 115ms (cache revalidated)
npm http fetch GET 200 https://registry.npmjs.org/flat 119ms (cache revalidated)
npm http fetch GET 200 https://registry.npmjs.org/is-plain-obj 141ms (cache revalidated)
npm http fetch GET 200 https://registry.npmjs.org/is-extglob 67ms (cache revalidated)
npm http fetch GET 200 https://registry.npmjs.org/picomatch 104ms (cache revalidated)
npm http fetch GET 200 https://registry.npmjs.org/picomatch 114ms (cache revalidated)
npm http fetch GET 200 https://registry.npmjs.org/fill-range 123ms (cache revalidated)
npm http fetch GET 200 https://registry.npmjs.org/binary-extensions 179ms (cache revalidated)
npm http fetch GET 200 https://registry.npmjs.org/to-regex-range 131ms (cache revalidated)
npm http fetch GET 200 https://registry.npmjs.org/is-number 115ms (cache revalidated)
npm http fetch GET 200 https://registry.npmjs.org/p-locate 166ms (cache revalidated)
npm http fetch GET 200 https://registry.npmjs.org/p-limit 119ms (cache revalidated)
npm http fetch GET 200 https://registry.npmjs.org/react-is 114ms (cache revalidated)
npm http fetch GET 200 https://registry.npmjs.org/loose-envify 143ms (cache revalidated)
npm http fetch GET 200 https://registry.npmjs.org/easy-stack 668ms (cache revalidated)
npm http fetch GET 200 https://registry.npmjs.org/yocto-queue 116ms (cache revalidated)
npm http fetch GET 200 https://registry.npmjs.org/clean-stack 104ms (cache revalidated)
npm http fetch GET 200 https://registry.npmjs.org/indent-string 166ms (cache revalidated)
npm http fetch GET 200 https://registry.npmjs.org/js-tokens 105ms (cache revalidated)
npm http fetch GET 200 https://registry.npmjs.org/duplexer 106ms (cache revalidated)
npm http fetch GET 200 https://registry.npmjs.org/pause-stream 116ms (cache revalidated)
npm http fetch GET 200 https://registry.npmjs.org/map-stream 148ms (cache revalidated)
npm http fetch GET 200 https://registry.npmjs.org/from 149ms (cache revalidated)
npm http fetch GET 200 https://registry.npmjs.org/stream-combiner 700ms (cache revalidated)
npm http fetch GET 200 https://registry.npmjs.org/split 702ms (cache revalidated)
npm http fetch GET 200 https://registry.npmjs.org/call-bind 57ms (cache revalidated)
npm http fetch GET 200 https://registry.npmjs.org/es-errors 59ms (cache revalidated)
npm http fetch GET 200 https://registry.npmjs.org/get-intrinsic 74ms (cache revalidated)
npm http fetch GET 200 https://registry.npmjs.org/object-inspect 131ms (cache revalidated)
npm http fetch GET 200 https://registry.npmjs.org/har-schema 136ms (cache revalidated)
npm http fetch GET 200 https://registry.npmjs.org/fast-deep-equal 64ms (cache revalidated)
npm http fetch GET 200 https://registry.npmjs.org/uri-js 88ms (cache revalidated)
npm http fetch GET 200 https://registry.npmjs.org/json-schema-traverse 115ms (cache revalidated)
npm http fetch GET 200 https://registry.npmjs.org/fast-json-stable-stringify 123ms (cache revalidated)
npm http fetch GET 200 https://registry.npmjs.org/es-define-property 51ms (cache revalidated)
npm http fetch GET 200 https://registry.npmjs.org/has-symbols 54ms (cache revalidated)
npm http fetch GET 200 https://registry.npmjs.org/set-function-length 56ms (cache revalidated)
npm http fetch GET 200 https://registry.npmjs.org/function-bind 58ms (cache revalidated)
npm http fetch GET 200 https://registry.npmjs.org/has-proto 61ms (cache revalidated)
npm http fetch GET 200 https://registry.npmjs.org/hasown 61ms (cache revalidated)
npm http fetch GET 200 https://registry.npmjs.org/has-property-descriptors 61ms (cache revalidated)
npm http fetch GET 200 https://registry.npmjs.org/gopd 62ms (cache revalidated)
npm http fetch GET 200 https://registry.npmjs.org/define-data-property 64ms (cache revalidated)
npm http fetch GET 200 https://registry.npmjs.org/querystringify 56ms (cache revalidated)
npm http fetch GET 200 https://registry.npmjs.org/requires-port 62ms (cache revalidated)
npm http fetch GET 200 https://registry.npmjs.org/unique-string 101ms (cache revalidated)
npm http fetch GET 200 https://registry.npmjs.org/write-file-atomic 101ms (cache revalidated)
npm http fetch GET 200 https://registry.npmjs.org/ansi-align 112ms (cache revalidated)
npm http fetch GET 200 https://registry.npmjs.org/escape-goat 109ms (cache revalidated)
npm http fetch GET 200 https://registry.npmjs.org/dot-prop 113ms (cache revalidated)
npm http fetch GET 200 https://registry.npmjs.org/package-json 123ms (cache revalidated)
npm http fetch GET 200 https://registry.npmjs.org/cli-boxes 137ms (cache revalidated)
npm http fetch GET 200 https://registry.npmjs.org/widest-line 670ms (cache revalidated)
npm http fetch GET 200 https://registry.npmjs.org/eastasianwidth 108ms (cache revalidated)
npm http fetch GET 200 https://registry.npmjs.org/is-obj 108ms (cache revalidated)
npm http fetch GET 200 https://registry.npmjs.org/imurmurhash 111ms (cache revalidated)
npm http fetch GET 200 https://registry.npmjs.org/typedarray-to-buffer 113ms (cache revalidated)
npm http fetch GET 200 https://registry.npmjs.org/crypto-random-string 141ms (cache revalidated)
npm http fetch GET 200 https://registry.npmjs.org/registry-url 104ms (cache revalidated)
npm http fetch GET 200 https://registry.npmjs.org/registry-auth-token 106ms (cache revalidated)
npm http fetch GET 200 https://registry.npmjs.org/got 122ms (cache revalidated)
npm http fetch GET 200 https://registry.npmjs.org/responselike 106ms (cache revalidated)
npm http fetch GET 200 https://registry.npmjs.org/decompress-response 108ms (cache revalidated)
npm http fetch GET 200 https://registry.npmjs.org/p-cancelable 114ms (cache revalidated)
npm http fetch GET 200 https://registry.npmjs.org/form-data-encoder 115ms (cache revalidated)
npm http fetch GET 200 https://registry.npmjs.org/cacheable-lookup 118ms (cache revalidated)
npm http fetch GET 200 https://registry.npmjs.org/http2-wrapper 124ms (cache revalidated)
npm http fetch GET 200 https://registry.npmjs.org/lowercase-keys 176ms (cache revalidated)
npm http fetch GET 200 https://registry.npmjs.org/@szmarczak%2fhttp-timer 181ms (cache revalidated)
npm http fetch GET 200 https://registry.npmjs.org/cacheable-request 190ms (cache revalidated)
npm http fetch GET 200 https://registry.npmjs.org/@sindresorhus%2fis 217ms (cache revalidated)
npm http fetch GET 200 https://registry.npmjs.org/@pnpm%2fnpm-conf 193ms (cache revalidated)
npm http fetch GET 200 https://registry.npmjs.org/rc 754ms (cache revalidated)
npm http fetch GET 200 https://registry.npmjs.org/http-cache-semantics 106ms (cache revalidated)
npm http fetch GET 200 https://registry.npmjs.org/quick-lru 109ms (cache revalidated)
npm http fetch GET 200 https://registry.npmjs.org/mimic-response 110ms (cache revalidated)
npm http fetch GET 200 https://registry.npmjs.org/defer-to-connect 112ms (cache revalidated)
npm http fetch GET 200 https://registry.npmjs.org/@types%2fhttp-cache-semantics 113ms (cache revalidated)
npm http fetch GET 200 https://registry.npmjs.org/normalize-url 113ms (cache revalidated)
npm http fetch GET 200 https://registry.npmjs.org/mimic-response 116ms (cache revalidated)
npm http fetch GET 200 https://registry.npmjs.org/keyv 118ms (cache revalidated)
npm http fetch GET 200 https://registry.npmjs.org/resolve-alpn 681ms (cache revalidated)
npm http fetch GET 200 https://registry.npmjs.org/json-buffer 111ms (cache revalidated)
npm http fetch GET 200 https://registry.npmjs.org/config-chain 103ms (cache revalidated)
npm http fetch GET 200 https://registry.npmjs.org/@pnpm%2fconfig.env-replace 777ms (cache revalidated)
npm http fetch GET 200 https://registry.npmjs.org/@pnpm%2fnetwork.ca-file 1417ms (cache revalidated)
npm http fetch GET 200 https://registry.npmjs.org/proto-list 110ms (cache revalidated)
npm http fetch GET 200 https://registry.npmjs.org/deep-extend 127ms (cache revalidated)
npm http fetch GET 200 https://registry.npmjs.org/pend 121ms (cache revalidated)
npm http fetch GET 200 https://registry.npmjs.org/crc32-stream 100ms (cache revalidated)
npm http fetch GET 200 https://registry.npmjs.org/crc-32 110ms (cache revalidated)
npm http fetch GET 200 https://registry.npmjs.org/buffer-alloc-unsafe 97ms (cache revalidated)
npm http fetch GET 200 https://registry.npmjs.org/buffer-fill 768ms (cache revalidated)
npm http fetch GET 200 https://registry.npmjs.org/p-try 125ms (cache revalidated)
npm WARN deprecated inflight@1.0.6: This module is not supported, and leaks memory. Do not use it. Check out lru-cache if you want a good and tested way to coalesce async requests by a key value, which is much more comprehensive and powerful.
npm http fetch POST 200 https://registry.npmjs.org/-/npm/v1/security/advisories/bulk 311ms
npm WARN deprecated rimraf@2.5.4: Rimraf versions prior to v4 are no longer supported
npm WARN deprecated har-validator@5.1.5: this library is no longer supported
npm WARN deprecated glob@7.2.3: Glob versions prior to v9 are no longer supported
npm WARN deprecated glob@8.1.0: Glob versions prior to v9 are no longer supported
npm WARN deprecated uuid@3.4.0: Please upgrade  to version 7 or higher.  Older versions may use Math.random() in certain circumstances, which is known to be problematic.  See https://v8.dev/blog/math-random for details.
npm WARN deprecated request@2.88.2: request has been deprecated, see https://github.com/request/request/issues/3142
npm info run fsevents@2.3.3 install node_modules/fsevents node-gyp rebuild
npm info run fsevents@2.3.3 install { code: 1, signal: null }
npm verb reify failed optional dependency /Users/brunocavalcanti/Documents/Pos/Web/trabalho_web/tmpBstackPackages/node_modules/fsevents
npm info run cypress@13.13.2 postinstall node_modules/cypress node index.js --exec install
npm info run cypress@13.13.2 postinstall { code: 0, signal: null }

added 501 packages, and audited 502 packages in 22s

96 packages are looking for funding
  run `npm fund` for details

3 moderate severity vulnerabilities

To address all issues (including breaking changes), run:
  npm audit fix --force

Run `npm audit` for details.
npm verb exit 0
npm info ok 
